Arguments: 
  /usr/local/Cellar/node/9.4.0/bin/node /usr/local/bin/yarn start

PATH: 
  /usr/local/bin:/usr/bin:/bin:/usr/sbin:/sbin

Yarn version: 
  1.5.1

Node version: 
  9.4.0

Platform: 
  darwin x64

npm manifest: 
  {
    "name": "mern",
    "version": "1.0.0",
    "description": "",
    "main": "index.js",
    "scripts": {
      "test": "echo \"Error: no test specified\" && exit 1",
      "start": "node server.js",
      "client": "npm run start --prefix client",
      "dev": "concurrently \"npm run start\" \"npm run client\"",
      "heroku-postbuild": "NPM_CONFIG_PRODUCTION=false npm install --prefix client && npm run build --prefix client"
  
    },
    "repository": {
      "type": "git",
      "url": "git+ssh://git@github.com/marcushilaire/mern.git",
      "client": "npm run start --prefix client"
    },
    "author": "",
    "license": "ISC",
    "bugs": {
      "url": "https://github.com/marcushilaire/mern/issues"
    },
    "homepage": "https://github.com/marcushilaire/mern#readme",
    "dependencies": {
      "concurrently": "^3.5.1",
      "express": "^4.16.3",
      "mongoose": "^5.0.14",
      "path": "^0.12.7"
    }
  }

yarn manifest: 
  No manifest

Lockfile: 
  No lockfile

Trace: 
  Error: Command failed.
  Exit code: 1
  Command: sh
  Arguments: -c node server.js
  Directory: /Users/marcushilaire/Desktop/class/apps/mern
  Output:
  
      at ProcessTermError.MessageError (/usr/local/lib/node_modules/yarn/lib/cli.js:186:110)
      at new ProcessTermError (/usr/local/lib/node_modules/yarn/lib/cli.js:226:113)
      at ChildProcess.<anonymous> (/usr/local/lib/node_modules/yarn/lib/cli.js:30281:17)
      at ChildProcess.emit (events.js:160:13)
      at maybeClose (internal/child_process.js:943:16)
      at Process.ChildProcess._handle.onexit (internal/child_process.js:220:5)
